<?xml version="1.0" encoding="UTF-8"?>
<testsuite xmlns:xsi="http://www.w3.org/2001/XMLSchema-instance" xsi:noNamespaceSchemaLocation="https://maven.apache.org/surefire/maven-surefire-plugin/xsd/surefire-test-report-3.0.xsd" version="3.0" name="com.signify.reviews.Alexa_Reviews.ReviewServiceImplTest" time="0.409" tests="12" errors="0" skipped="0" failures="0">
  <properties>
[...]
</properties>
  <testcase name="testFilterReviewsByDateOrStoreOrRating_WithDateParameter" classname="com.signify.reviews.Alexa_Reviews.ReviewServiceImplTest" time="0.32">
    <system-out><![CDATA[2023-07-27T20:23:54.215+05:30  INFO 37236 --- [           main] c.s.r.A.serviceImpl.ReviewServiceImpl    : Starting Method : ReviewServiceImpl-filterReviewsByDateOrStoreOrRating
2023-07-27T20:23:54.219+05:30  INFO 37236 --- [           main] c.s.r.A.serviceImpl.ReviewServiceImpl    : Filtered reviews by date, store, and rating.
2023-07-27T20:23:54.219+05:30  INFO 37236 --- [           main] c.s.r.A.serviceImpl.ReviewServiceImpl    : Completed Method : ReviewServiceImpl-filterReviewsByDateOrStoreOrRating
]]></system-out>
  </testcase>
  <testcase name="testAddStoreReviews_Failure" classname="com.signify.reviews.Alexa_Reviews.ReviewServiceImplTest" time="0.011">
    <system-out><![CDATA[2023-07-27T20:23:54.256+05:30  INFO 37236 --- [           main] c.s.r.A.serviceImpl.ReviewServiceImpl    : Starting Method : ReviewServiceImpl-addStoreReviews
2023-07-27T20:23:54.258+05:30  INFO 37236 --- [           main] c.s.r.A.serviceImpl.ReviewServiceImpl    : Exception Occurred : null
]]></system-out>
  </testcase>
  <testcase name="testFilterReviewsByDateOrStoreOrRating_ResourceNotFoundException" classname="com.signify.reviews.Alexa_Reviews.ReviewServiceImplTest" time="0.012">
    <system-out><![CDATA[2023-07-27T20:23:54.265+05:30  INFO 37236 --- [           main] c.s.r.A.serviceImpl.ReviewServiceImpl    : Starting Method : ReviewServiceImpl-filterReviewsByDateOrStoreOrRating
2023-07-27T20:23:54.265+05:30  INFO 37236 --- [           main] c.s.r.A.serviceImpl.ReviewServiceImpl    : Error occurred while filtering reviews: null

java.lang.RuntimeException: null
	at com.signify.reviews.Alexa_Reviews.serviceImpl.ReviewServiceImpl.filterReviewsByDateOrStoreOrRating(ReviewServiceImpl.java:103) ~[classes/:na]
	at com.signify.reviews.Alexa_Reviews.ReviewServiceImplTest.lambda$testFilterReviewsByDateOrStoreOrRating_ResourceNotFoundException$2(ReviewServiceImplTest.java:203) ~[test-classes/:na]
	at org.junit.jupiter.api.AssertThrows.assertThrows(AssertThrows.java:53) ~[junit-jupiter-api-5.9.3.jar:5.9.3]
	at org.junit.jupiter.api.AssertThrows.assertThrows(AssertThrows.java:35) ~[junit-jupiter-api-5.9.3.jar:5.9.3]
	at org.junit.jupiter.api.Assertions.assertThrows(Assertions.java:3083) ~[junit-jupiter-api-5.9.3.jar:5.9.3]
	at com.signify.reviews.Alexa_Reviews.ReviewServiceImplTest.testFilterReviewsByDateOrStoreOrRating_ResourceNotFoundException(ReviewServiceImplTest.java:202) ~[test-classes/:na]
	at java.base/jdk.internal.reflect.DirectMethodHandleAccessor.invoke(DirectMethodHandleAccessor.java:104) ~[na:na]
	at java.base/java.lang.reflect.Method.invoke(Method.java:578) ~[na:na]
	at org.junit.platform.commons.util.ReflectionUtils.invokeMethod(ReflectionUtils.java:727) ~[junit-platform-commons-1.9.3.jar:1.9.3]
	at org.junit.jupiter.engine.execution.MethodInvocation.proceed(MethodInvocation.java:60) ~[junit-jupiter-engine-5.9.3.jar:5.9.3]
	at org.junit.jupiter.engine.execution.InvocationInterceptorChain$ValidatingInvocation.proceed(InvocationInterceptorChain.java:131) ~[junit-jupiter-engine-5.9.3.jar:5.9.3]
	at org.junit.jupiter.engine.extension.TimeoutExtension.intercept(TimeoutExtension.java:156) ~[junit-jupiter-engine-5.9.3.jar:5.9.3]
	at org.junit.jupiter.engine.extension.TimeoutExtension.interceptTestableMethod(TimeoutExtension.java:147) ~[junit-jupiter-engine-5.9.3.jar:5.9.3]
	at org.junit.jupiter.engine.extension.TimeoutExtension.interceptTestMethod(TimeoutExtension.java:86) ~[junit-jupiter-engine-5.9.3.jar:5.9.3]
	at org.junit.jupiter.engine.execution.InterceptingExecutableInvoker$ReflectiveInterceptorCall.lambda$ofVoidMethod$0(InterceptingExecutableInvoker.java:103) ~[junit-jupiter-engine-5.9.3.jar:5.9.3]
	at org.junit.jupiter.engine.execution.InterceptingExecutableInvoker.lambda$invoke$0(InterceptingExecutableInvoker.java:93) ~[junit-jupiter-engine-5.9.3.jar:5.9.3]
	at org.junit.jupiter.engine.execution.InvocationInterceptorChain$InterceptedInvocation.proceed(InvocationInterceptorChain.java:106) ~[junit-jupiter-engine-5.9.3.jar:5.9.3]
	at org.junit.jupiter.engine.execution.InvocationInterceptorChain.proceed(InvocationInterceptorChain.java:64) ~[junit-jupiter-engine-5.9.3.jar:5.9.3]
	at org.junit.jupiter.engine.execution.InvocationInterceptorChain.chainAndInvoke(InvocationInterceptorChain.java:45) ~[junit-jupiter-engine-5.9.3.jar:5.9.3]
	at org.junit.jupiter.engine.execution.InvocationInterceptorChain.invoke(InvocationInterceptorChain.java:37) ~[junit-jupiter-engine-5.9.3.jar:5.9.3]
	at org.junit.jupiter.engine.execution.InterceptingExecutableInvoker.invoke(InterceptingExecutableInvoker.java:92) ~[junit-jupiter-engine-5.9.3.jar:5.9.3]
	at org.junit.jupiter.engine.execution.InterceptingExecutableInvoker.invoke(InterceptingExecutableInvoker.java:86) ~[junit-jupiter-engine-5.9.3.jar:5.9.3]
	at org.junit.jupiter.engine.descriptor.TestMethodTestDescriptor.lambda$invokeTestMethod$7(TestMethodTestDescriptor.java:217) ~[junit-jupiter-engine-5.9.3.jar:5.9.3]
	at org.junit.platform.engine.support.hierarchical.ThrowableCollector.execute(ThrowableCollector.java:73) ~[junit-platform-engine-1.9.3.jar:1.9.3]
	at org.junit.jupiter.engine.descriptor.TestMethodTestDescriptor.invokeTestMethod(TestMethodTestDescriptor.java:213) ~[junit-jupiter-engine-5.9.3.jar:5.9.3]
	at org.junit.jupiter.engine.descriptor.TestMethodTestDescriptor.execute(TestMethodTestDescriptor.java:138) ~[junit-jupiter-engine-5.9.3.jar:5.9.3]
	at org.junit.jupiter.engine.descriptor.TestMethodTestDescriptor.execute(TestMethodTestDescriptor.java:68) ~[junit-jupiter-engine-5.9.3.jar:5.9.3]
	at org.junit.platform.engine.support.hierarchical.NodeTestTask.lambda$executeRecursively$6(NodeTestTask.java:151) ~[junit-platform-engine-1.9.3.jar:1.9.3]
	at org.junit.platform.engine.support.hierarchical.ThrowableCollector.execute(ThrowableCollector.java:73) ~[junit-platform-engine-1.9.3.jar:1.9.3]
	at org.junit.platform.engine.support.hierarchical.NodeTestTask.lambda$executeRecursively$8(NodeTestTask.java:141) ~[junit-platform-engine-1.9.3.jar:1.9.3]
	at org.junit.platform.engine.support.hierarchical.Node.around(Node.java:137) ~[junit-platform-engine-1.9.3.jar:1.9.3]
	at org.junit.platform.engine.support.hierarchical.NodeTestTask.lambda$executeRecursively$9(NodeTestTask.java:139) ~[junit-platform-engine-1.9.3.jar:1.9.3]
	at org.junit.platform.engine.support.hierarchical.ThrowableCollector.execute(ThrowableCollector.java:73) ~[junit-platform-engine-1.9.3.jar:1.9.3]
	at org.junit.platform.engine.support.hierarchical.NodeTestTask.executeRecursively(NodeTestTask.java:138) ~[junit-platform-engine-1.9.3.jar:1.9.3]
	at org.junit.platform.engine.support.hierarchical.NodeTestTask.execute(NodeTestTask.java:95) ~[junit-platform-engine-1.9.3.jar:1.9.3]
	at java.base/java.util.ArrayList.forEach(ArrayList.java:1511) ~[na:na]
	at org.junit.platform.engine.support.hierarchical.SameThreadHierarchicalTestExecutorService.invokeAll(SameThreadHierarchicalTestExecutorService.java:41) ~[junit-platform-engine-1.9.3.jar:1.9.3]
	at org.junit.platform.engine.support.hierarchical.NodeTestTask.lambda$executeRecursively$6(NodeTestTask.java:155) ~[junit-platform-engine-1.9.3.jar:1.9.3]
	at org.junit.platform.engine.support.hierarchical.ThrowableCollector.execute(ThrowableCollector.java:73) ~[junit-platform-engine-1.9.3.jar:1.9.3]
	at org.junit.platform.engine.support.hierarchical.NodeTestTask.lambda$executeRecursively$8(NodeTestTask.java:141) ~[junit-platform-engine-1.9.3.jar:1.9.3]
	at org.junit.platform.engine.support.hierarchical.Node.around(Node.java:137) ~[junit-platform-engine-1.9.3.jar:1.9.3]
	at org.junit.platform.engine.support.hierarchical.NodeTestTask.lambda$executeRecursively$9(NodeTestTask.java:139) ~[junit-platform-engine-1.9.3.jar:1.9.3]
	at org.junit.platform.engine.support.hierarchical.ThrowableCollector.execute(ThrowableCollector.java:73) ~[junit-platform-engine-1.9.3.jar:1.9.3]
	at org.junit.platform.engine.support.hierarchical.NodeTestTask.executeRecursively(NodeTestTask.java:138) ~[junit-platform-engine-1.9.3.jar:1.9.3]
	at org.junit.platform.engine.support.hierarchical.NodeTestTask.execute(NodeTestTask.java:95) ~[junit-platform-engine-1.9.3.jar:1.9.3]
	at java.base/java.util.ArrayList.forEach(ArrayList.java:1511) ~[na:na]
	at org.junit.platform.engine.support.hierarchical.SameThreadHierarchicalTestExecutorService.invokeAll(SameThreadHierarchicalTestExecutorService.java:41) ~[junit-platform-engine-1.9.3.jar:1.9.3]
	at org.junit.platform.engine.support.hierarchical.NodeTestTask.lambda$executeRecursively$6(NodeTestTask.java:155) ~[junit-platform-engine-1.9.3.jar:1.9.3]
	at org.junit.platform.engine.support.hierarchical.ThrowableCollector.execute(ThrowableCollector.java:73) ~[junit-platform-engine-1.9.3.jar:1.9.3]
	at org.junit.platform.engine.support.hierarchical.NodeTestTask.lambda$executeRecursively$8(NodeTestTask.java:141) ~[junit-platform-engine-1.9.3.jar:1.9.3]
	at org.junit.platform.engine.support.hierarchical.Node.around(Node.java:137) ~[junit-platform-engine-1.9.3.jar:1.9.3]
	at org.junit.platform.engine.support.hierarchical.NodeTestTask.lambda$executeRecursively$9(NodeTestTask.java:139) ~[junit-platform-engine-1.9.3.jar:1.9.3]
	at org.junit.platform.engine.support.hierarchical.ThrowableCollector.execute(ThrowableCollector.java:73) ~[junit-platform-engine-1.9.3.jar:1.9.3]
	at org.junit.platform.engine.support.hierarchical.NodeTestTask.executeRecursively(NodeTestTask.java:138) ~[junit-platform-engine-1.9.3.jar:1.9.3]
	at org.junit.platform.engine.support.hierarchical.NodeTestTask.execute(NodeTestTask.java:95) ~[junit-platform-engine-1.9.3.jar:1.9.3]
	at org.junit.platform.engine.support.hierarchical.SameThreadHierarchicalTestExecutorService.submit(SameThreadHierarchicalTestExecutorService.java:35) ~[junit-platform-engine-1.9.3.jar:1.9.3]
	at org.junit.platform.engine.support.hierarchical.HierarchicalTestExecutor.execute(HierarchicalTestExecutor.java:57) ~[junit-platform-engine-1.9.3.jar:1.9.3]
	at org.junit.platform.engine.support.hierarchical.HierarchicalTestEngine.execute(HierarchicalTestEngine.java:54) ~[junit-platform-engine-1.9.3.jar:1.9.3]
	at org.junit.platform.launcher.core.EngineExecutionOrchestrator.execute(EngineExecutionOrchestrator.java:147) ~[junit-platform-launcher-1.9.3.jar:1.9.3]
	at org.junit.platform.launcher.core.EngineExecutionOrchestrator.execute(EngineExecutionOrchestrator.java:127) ~[junit-platform-launcher-1.9.3.jar:1.9.3]
	at org.junit.platform.launcher.core.EngineExecutionOrchestrator.execute(EngineExecutionOrchestrator.java:90) ~[junit-platform-launcher-1.9.3.jar:1.9.3]
	at org.junit.platform.launcher.core.EngineExecutionOrchestrator.lambda$execute$0(EngineExecutionOrchestrator.java:55) ~[junit-platform-launcher-1.9.3.jar:1.9.3]
	at org.junit.platform.launcher.core.EngineExecutionOrchestrator.withInterceptedStreams(EngineExecutionOrchestrator.java:102) ~[junit-platform-launcher-1.9.3.jar:1.9.3]
	at org.junit.platform.launcher.core.EngineExecutionOrchestrator.execute(EngineExecutionOrchestrator.java:54) ~[junit-platform-launcher-1.9.3.jar:1.9.3]
	at org.junit.platform.launcher.core.DefaultLauncher.execute(DefaultLauncher.java:114) ~[junit-platform-launcher-1.9.3.jar:1.9.3]
	at org.junit.platform.launcher.core.DefaultLauncher.execute(DefaultLauncher.java:86) ~[junit-platform-launcher-1.9.3.jar:1.9.3]
	at org.junit.platform.launcher.core.DefaultLauncherSession$DelegatingLauncher.execute(DefaultLauncherSession.java:86) ~[junit-platform-launcher-1.9.3.jar:1.9.3]
	at org.apache.maven.surefire.junitplatform.LazyLauncher.execute(LazyLauncher.java:50) ~[surefire-junit-platform-3.0.0.jar:3.0.0]
	at org.apache.maven.surefire.junitplatform.JUnitPlatformProvider.execute(JUnitPlatformProvider.java:184) ~[surefire-junit-platform-3.0.0.jar:3.0.0]
	at org.apache.maven.surefire.junitplatform.JUnitPlatformProvider.invokeAllTests(JUnitPlatformProvider.java:148) ~[surefire-junit-platform-3.0.0.jar:3.0.0]
	at org.apache.maven.surefire.junitplatform.JUnitPlatformProvider.invoke(JUnitPlatformProvider.java:122) ~[surefire-junit-platform-3.0.0.jar:3.0.0]
	at org.apache.maven.surefire.booter.ForkedBooter.runSuitesInProcess(ForkedBooter.java:385) ~[surefire-booter-3.0.0.jar:3.0.0]
	at org.apache.maven.surefire.booter.ForkedBooter.execute(ForkedBooter.java:162) ~[surefire-booter-3.0.0.jar:3.0.0]
	at org.apache.maven.surefire.booter.ForkedBooter.run(ForkedBooter.java:507) ~[surefire-booter-3.0.0.jar:3.0.0]
	at org.apache.maven.surefire.booter.ForkedBooter.main(ForkedBooter.java:495) ~[surefire-booter-3.0.0.jar:3.0.0]

]]></system-out>
  </testcase>
  <testcase name="testGetAverageMonthlyRatingForStore_Success" classname="com.signify.reviews.Alexa_Reviews.ReviewServiceImplTest" time="0.012">
    <system-out><![CDATA[2023-07-27T20:23:54.279+05:30  INFO 37236 --- [           main] c.s.r.A.serviceImpl.ReviewServiceImpl    : Starting Method : ReviewServiceImpl-getAverageMonthlyRatingForStore
2023-07-27T20:23:54.286+05:30  INFO 37236 --- [           main] c.s.r.A.serviceImpl.ReviewServiceImpl    : Calculated average monthly rating for store: Amazon
2023-07-27T20:23:54.287+05:30  INFO 37236 --- [           main] c.s.r.A.serviceImpl.ReviewServiceImpl    : Completed Method : ReviewServiceImpl-getAverageMonthlyRatingForStore
]]></system-out>
  </testcase>
  <testcase name="testAddStoreReview_Success" classname="com.signify.reviews.Alexa_Reviews.ReviewServiceImplTest" time="0.006">
    <system-out><![CDATA[2023-07-27T20:23:54.293+05:30  INFO 37236 --- [           main] c.s.r.A.serviceImpl.ReviewServiceImpl    : Starting Method : ReviewServiceImpl-addStoreReview
2023-07-27T20:23:54.294+05:30  INFO 37236 --- [           main] c.s.r.A.serviceImpl.ReviewServiceImpl    : review with id- null is saved
2023-07-27T20:23:54.294+05:30  INFO 37236 --- [           main] c.s.r.A.serviceImpl.ReviewServiceImpl    : Completed Method : ReviewServiceImpl-addStoreReview
]]></system-out>
  </testcase>
  <testcase name="testGetTotalRatingsByCategory_NoReviewsFound" classname="com.signify.reviews.Alexa_Reviews.ReviewServiceImplTest" time="0.006">
    <system-out><![CDATA[2023-07-27T20:23:54.298+05:30  INFO 37236 --- [           main] c.s.r.A.serviceImpl.ReviewServiceImpl    : Starting Method : ReviewServiceImpl-getTotalRatingsByCategory
2023-07-27T20:23:54.300+05:30  INFO 37236 --- [           main] c.s.r.A.serviceImpl.ReviewServiceImpl    : Calculated total ratings by category.
2023-07-27T20:23:54.300+05:30  INFO 37236 --- [           main] c.s.r.A.serviceImpl.ReviewServiceImpl    : Completed Method : ReviewServiceImpl-getTotalRatingsByCategory
]]></system-out>
  </testcase>
  <testcase name="testAddStoreReview_Failure" classname="com.signify.reviews.Alexa_Reviews.ReviewServiceImplTest" time="0.004">
    <system-out><![CDATA[2023-07-27T20:23:54.305+05:30  INFO 37236 --- [           main] c.s.r.A.serviceImpl.ReviewServiceImpl    : Starting Method : ReviewServiceImpl-addStoreReview
2023-07-27T20:23:54.306+05:30  INFO 37236 --- [           main] c.s.r.A.serviceImpl.ReviewServiceImpl    : Exception Occurred : null
]]></system-out>
  </testcase>
  <testcase name="testFilterReviewsByDateOrStoreOrRating_AllNullParameters" classname="com.signify.reviews.Alexa_Reviews.ReviewServiceImplTest" time="0.003">
    <system-out><![CDATA[2023-07-27T20:23:54.309+05:30  INFO 37236 --- [           main] c.s.r.A.serviceImpl.ReviewServiceImpl    : Starting Method : ReviewServiceImpl-filterReviewsByDateOrStoreOrRating
2023-07-27T20:23:54.309+05:30  INFO 37236 --- [           main] c.s.r.A.serviceImpl.ReviewServiceImpl    : Filtered reviews by date, store, and rating.
2023-07-27T20:23:54.309+05:30  INFO 37236 --- [           main] c.s.r.A.serviceImpl.ReviewServiceImpl    : Completed Method : ReviewServiceImpl-filterReviewsByDateOrStoreOrRating
]]></system-out>
  </testcase>
  <testcase name="testGetAverageMonthlyRatingForStore_NoReviewsFound" classname="com.signify.reviews.Alexa_Reviews.ReviewServiceImplTest" time="0.002">
    <system-out><![CDATA[2023-07-27T20:23:54.313+05:30  INFO 37236 --- [           main] c.s.r.A.serviceImpl.ReviewServiceImpl    : Starting Method : ReviewServiceImpl-getAverageMonthlyRatingForStore
2023-07-27T20:23:54.313+05:30  INFO 37236 --- [           main] c.s.r.A.serviceImpl.ReviewServiceImpl    : Calculated average monthly rating for store: Amazon
2023-07-27T20:23:54.313+05:30  INFO 37236 --- [           main] c.s.r.A.serviceImpl.ReviewServiceImpl    : Completed Method : ReviewServiceImpl-getAverageMonthlyRatingForStore
]]></system-out>
  </testcase>
  <testcase name="testAddStoreReviews_Success" classname="com.signify.reviews.Alexa_Reviews.ReviewServiceImplTest" time="0.004">
    <system-out><![CDATA[2023-07-27T20:23:54.316+05:30  INFO 37236 --- [           main] c.s.r.A.serviceImpl.ReviewServiceImpl    : Starting Method : ReviewServiceImpl-addStoreReviews
2023-07-27T20:23:54.317+05:30  INFO 37236 --- [           main] c.s.r.A.serviceImpl.ReviewServiceImpl    :  All reviews are saved
2023-07-27T20:23:54.317+05:30  INFO 37236 --- [           main] c.s.r.A.serviceImpl.ReviewServiceImpl    : Completed Method : ReviewServiceImpl-addStoreReviews
]]></system-out>
  </testcase>
  <testcase name="testGetAverageMonthlyRatingsPerStore" classname="com.signify.reviews.Alexa_Reviews.ReviewServiceImplTest" time="0.007">
    <system-out><![CDATA[2023-07-27T20:23:54.322+05:30  INFO 37236 --- [           main] c.s.r.A.serviceImpl.ReviewServiceImpl    : Starting Method : ReviewServiceImpl-getAverageMonthlyRatingsPerStore
2023-07-27T20:23:54.326+05:30  INFO 37236 --- [           main] c.s.r.A.serviceImpl.ReviewServiceImpl    : Calculated average monthly ratings per store.
2023-07-27T20:23:54.326+05:30  INFO 37236 --- [           main] c.s.r.A.serviceImpl.ReviewServiceImpl    : Completed Method : ReviewServiceImpl-getAverageMonthlyRatingsPerStore
]]></system-out>
  </testcase>
  <testcase name="testGetTotalRatingsByCategory_Success" classname="com.signify.reviews.Alexa_Reviews.ReviewServiceImplTest" time="0.003">
    <system-out><![CDATA[2023-07-27T20:23:54.329+05:30  INFO 37236 --- [           main] c.s.r.A.serviceImpl.ReviewServiceImpl    : Starting Method : ReviewServiceImpl-getTotalRatingsByCategory
2023-07-27T20:23:54.329+05:30  INFO 37236 --- [           main] c.s.r.A.serviceImpl.ReviewServiceImpl    : Calculated total ratings by category.
2023-07-27T20:23:54.329+05:30  INFO 37236 --- [           main] c.s.r.A.serviceImpl.ReviewServiceImpl    : Completed Method : ReviewServiceImpl-getTotalRatingsByCategory
]]></system-out>
  </testcase>
</testsuite>